<?xml version="1.0" encoding="UTF-8"?>
<!-- Generated by org.testng.reporters.JUnitXMLReporter -->
<testsuite ignored="0" hostname="DESKTOP-52MDPOI" failures="4" tests="7" name="Default test" time="50.19" errors="0" timestamp="2023-04-27T06:48:42 GST">
  <testcase classname="io.cucumber.testng.AbstractTestNGCucumberTests" name="runScenario" time="7.077"/>
  <testcase classname="io.cucumber.testng.AbstractTestNGCucumberTests" name="runScenario" time="5.071">
    <failure type="java.lang.AssertionError" message="expected [AED/month] but found [USD/month]">
      <![CDATA[java.lang.AssertionError: expected [AED/month] but found [USD/month]
at org.testng.Assert.fail(Assert.java:99)
at org.testng.Assert.failNotEquals(Assert.java:1037)
at org.testng.Assert.assertEqualsImpl(Assert.java:140)
at org.testng.Assert.assertEquals(Assert.java:122)
at org.testng.Assert.assertEquals(Assert.java:629)
at org.testng.Assert.assertEquals(Assert.java:639)
at stepdefinitions.VerifyPlansDefinitions.I_should_see_the_correct_Currency_for_the_first_plan(VerifyPlansDefinitions.java:44)
at ✽.I should see the correct Currency for the first plan(file:///E:/Tokka-TA/Jawwy-task/src/test/resources/features/Verify-Plans.feature:29)
]]>
    </failure>
  </testcase> <!-- runScenario -->
  <testcase classname="io.cucumber.testng.AbstractTestNGCucumberTests" name="runScenario" time="6.623"/>
  <testcase classname="io.cucumber.testng.AbstractTestNGCucumberTests" name="runScenario" time="5.483">
    <failure type="java.lang.AssertionError" message="expected [AED/month] but found [USD/month]">
      <![CDATA[java.lang.AssertionError: expected [AED/month] but found [USD/month]
at org.testng.Assert.fail(Assert.java:99)
at org.testng.Assert.failNotEquals(Assert.java:1037)
at org.testng.Assert.assertEqualsImpl(Assert.java:140)
at org.testng.Assert.assertEquals(Assert.java:122)
at org.testng.Assert.assertEquals(Assert.java:629)
at org.testng.Assert.assertEquals(Assert.java:639)
at stepdefinitions.VerifyPlansDefinitions.I_should_see_the_correct_Currency_for_the_second_plan(VerifyPlansDefinitions.java:78)
at ✽.I should see the correct Currency for the second plan(file:///E:/Tokka-TA/Jawwy-task/src/test/resources/features/Verify-Plans.feature:37)
]]>
    </failure>
  </testcase> <!-- runScenario -->
  <testcase classname="io.cucumber.testng.AbstractTestNGCucumberTests" name="runScenario" time="11.72"/>
  <testcase classname="io.cucumber.testng.AbstractTestNGCucumberTests" name="runScenario" time="5.747">
    <failure type="java.lang.AssertionError" message="expected [AED/month] but found [USD/month]">
      <![CDATA[java.lang.AssertionError: expected [AED/month] but found [USD/month]
at org.testng.Assert.fail(Assert.java:99)
at org.testng.Assert.failNotEquals(Assert.java:1037)
at org.testng.Assert.assertEqualsImpl(Assert.java:140)
at org.testng.Assert.assertEquals(Assert.java:122)
at org.testng.Assert.assertEquals(Assert.java:629)
at org.testng.Assert.assertEquals(Assert.java:639)
at stepdefinitions.VerifyPlansDefinitions.I_should_see_the_correct_Currency_for_the_third_plan(VerifyPlansDefinitions.java:112)
at ✽.I should see the correct Currency for the third plan(file:///E:/Tokka-TA/Jawwy-task/src/test/resources/features/Verify-Plans.feature:45)
]]>
    </failure>
  </testcase> <!-- runScenario -->
  <testcase classname="io.cucumber.testng.AbstractTestNGCucumberTests" name="runScenario" time="7.984">
    <failure type="java.lang.AssertionError" message="expected [https://subscribe.jawwy.tv/en/user-dashboard] but found [https://subscribe.jawwy.tv/en/user-status]">
      <![CDATA[java.lang.AssertionError: expected [https://subscribe.jawwy.tv/en/user-dashboard] but found [https://subscribe.jawwy.tv/en/user-status]
at org.testng.Assert.fail(Assert.java:99)
at org.testng.Assert.failNotEquals(Assert.java:1037)
at org.testng.Assert.assertEqualsImpl(Assert.java:140)
at org.testng.Assert.assertEquals(Assert.java:122)
at org.testng.Assert.assertEquals(Assert.java:629)
at org.testng.Assert.assertEquals(Assert.java:639)
at stepdefinitions.LoginStepDefinitions.i_should_be_logged_in_to_my_account(LoginStepDefinitions.java:38)
at ✽.I should be logged in to my account(file:///E:/Tokka-TA/Jawwy-task/src/test/resources/features/login.feature:31)
]]>
    </failure>
  </testcase> <!-- runScenario -->
</testsuite> <!-- Default test -->
