<html>
<head>
<title>TestNG:  Default test</title>
<link href="../testng.css" rel="stylesheet" type="text/css" />
<link href="../my-testng.css" rel="stylesheet" type="text/css" />

<style type="text/css">
.log { display: none;} 
.stack-trace { display: none;} 
</style>
<script type="text/javascript">
<!--
function flip(e) {
  current = e.style.display;
  if (current == 'block') {
    e.style.display = 'none';
    return 0;
  }
  else {
    e.style.display = 'block';
    return 1;
  }
}

function toggleBox(szDivId, elem, msg1, msg2)
{
  var res = -1;  if (document.getElementById) {
    res = flip(document.getElementById(szDivId));
  }
  else if (document.all) {
    // this is the way old msie versions work
    res = flip(document.all[szDivId]);
  }
  if(elem) {
    if(res == 0) elem.innerHTML = msg1; else elem.innerHTML = msg2;
  }

}

function toggleAllBoxes() {
  if (document.getElementsByTagName) {
    d = document.getElementsByTagName('div');
    for (i = 0; i < d.length; i++) {
      if (d[i].className == 'log') {
        flip(d[i]);
      }
    }
  }
}

// -->
</script>

</head>
<body>
<h2 align='center'>Default test</h2><table border='1' align="center">
<tr>
<td>Tests passed/Failed/Skipped:</td><td>3/4/0</td>
</tr><tr>
<td>Started on:</td><td>Thu Apr 27 06:47:52 GST 2023</td>
</tr>
<tr><td>Total time:</td><td>50 seconds (50190 ms)</td>
</tr><tr>
<td>Included groups:</td><td></td>
</tr><tr>
<td>Excluded groups:</td><td></td>
</tr>
</table><p/>
<small><i>(Hover the method name to see the test class name)</i></small><p/>
<table width='100%' border='1' class='invocation-failed'>
<tr><td colspan='4' align='center'><b>FAILED TESTS</b></td></tr>
<tr><td><b>Test method</b></td>
<td width="30%"><b>Exception</b></td>
<td width="10%"><b>Time (seconds)</b></td>
<td><b>Instance</b></td>
</tr>
<tr>
<td title='runners.TestRunner.runScenario()'><b>runScenario</b><br>Test class: runners.TestRunner<br>Test method: Runs Cucumber Scenarios<br>Parameters: "Verify the Jawwy plans currency for the third plan", "Optional[Verify Jawwy plans]"</td>
<td><div><pre>java.lang.AssertionError: expected [AED/month] but found [USD/month]
	at org.testng.Assert.fail(Assert.java:99)
	at org.testng.Assert.failNotEquals(Assert.java:1037)
	at org.testng.Assert.assertEqualsImpl(Assert.java:140)
	at org.testng.Assert.assertEquals(Assert.java:122)
	at org.testng.Assert.assertEquals(Assert.java:629)
	at org.testng.Assert.assertEquals(Assert.java:639)
	at stepdefinitions.VerifyPlansDefinitions.I_should_see_the_correct_Currency_for_the_third_plan(VerifyPlansDefinitions.java:112)
	at ✽.I should see the correct Currency for the third plan(file:///E:/Tokka-TA/Jawwy-task/src/test/resources/features/Verify-Plans.feature:45)
</pre></div><a href='#' onClick='toggleBox("stack-trace1907767760", this, "Click to show all stack frames", "Click to hide stack frames")'>Click to show all stack frames</a>
<div class='stack-trace' id='stack-trace1907767760'><pre>java.lang.AssertionError: expected [AED/month] but found [USD/month]
	at org.testng.Assert.fail(Assert.java:99)
	at org.testng.Assert.failNotEquals(Assert.java:1037)
	at org.testng.Assert.assertEqualsImpl(Assert.java:140)
	at org.testng.Assert.assertEquals(Assert.java:122)
	at org.testng.Assert.assertEquals(Assert.java:629)
	at org.testng.Assert.assertEquals(Assert.java:639)
	at stepdefinitions.VerifyPlansDefinitions.I_should_see_the_correct_Currency_for_the_third_plan(VerifyPlansDefinitions.java:112)
	at ✽.I should see the correct Currency for the third plan(file:///E:/Tokka-TA/Jawwy-task/src/test/resources/features/Verify-Plans.feature:45)
</pre></div></td>
<td>5</td>
<td>runners.TestRunner@4b8ee4de</td></tr>
<tr>
<td title='runners.TestRunner.runScenario()'><b>runScenario</b><br>Test class: runners.TestRunner<br>Test method: Runs Cucumber Scenarios<br>Parameters: "Verify the Jawwy plans currency for the first plan", "Optional[Verify Jawwy plans]"</td>
<td><div><pre>java.lang.AssertionError: expected [AED/month] but found [USD/month]
	at org.testng.Assert.fail(Assert.java:99)
	at org.testng.Assert.failNotEquals(Assert.java:1037)
	at org.testng.Assert.assertEqualsImpl(Assert.java:140)
	at org.testng.Assert.assertEquals(Assert.java:122)
	at org.testng.Assert.assertEquals(Assert.java:629)
	at org.testng.Assert.assertEquals(Assert.java:639)
	at stepdefinitions.VerifyPlansDefinitions.I_should_see_the_correct_Currency_for_the_first_plan(VerifyPlansDefinitions.java:44)
	at ✽.I should see the correct Currency for the first plan(file:///E:/Tokka-TA/Jawwy-task/src/test/resources/features/Verify-Plans.feature:29)
</pre></div><a href='#' onClick='toggleBox("stack-trace1464502754", this, "Click to show all stack frames", "Click to hide stack frames")'>Click to show all stack frames</a>
<div class='stack-trace' id='stack-trace1464502754'><pre>java.lang.AssertionError: expected [AED/month] but found [USD/month]
	at org.testng.Assert.fail(Assert.java:99)
	at org.testng.Assert.failNotEquals(Assert.java:1037)
	at org.testng.Assert.assertEqualsImpl(Assert.java:140)
	at org.testng.Assert.assertEquals(Assert.java:122)
	at org.testng.Assert.assertEquals(Assert.java:629)
	at org.testng.Assert.assertEquals(Assert.java:639)
	at stepdefinitions.VerifyPlansDefinitions.I_should_see_the_correct_Currency_for_the_first_plan(VerifyPlansDefinitions.java:44)
	at ✽.I should see the correct Currency for the first plan(file:///E:/Tokka-TA/Jawwy-task/src/test/resources/features/Verify-Plans.feature:29)
</pre></div></td>
<td>5</td>
<td>runners.TestRunner@4b8ee4de</td></tr>
<tr>
<td title='runners.TestRunner.runScenario()'><b>runScenario</b><br>Test class: runners.TestRunner<br>Test method: Runs Cucumber Scenarios<br>Parameters: "Verify the Jawwy plans currency for the second plan", "Optional[Verify Jawwy plans]"</td>
<td><div><pre>java.lang.AssertionError: expected [AED/month] but found [USD/month]
	at org.testng.Assert.fail(Assert.java:99)
	at org.testng.Assert.failNotEquals(Assert.java:1037)
	at org.testng.Assert.assertEqualsImpl(Assert.java:140)
	at org.testng.Assert.assertEquals(Assert.java:122)
	at org.testng.Assert.assertEquals(Assert.java:629)
	at org.testng.Assert.assertEquals(Assert.java:639)
	at stepdefinitions.VerifyPlansDefinitions.I_should_see_the_correct_Currency_for_the_second_plan(VerifyPlansDefinitions.java:78)
	at ✽.I should see the correct Currency for the second plan(file:///E:/Tokka-TA/Jawwy-task/src/test/resources/features/Verify-Plans.feature:37)
</pre></div><a href='#' onClick='toggleBox("stack-trace1674390738", this, "Click to show all stack frames", "Click to hide stack frames")'>Click to show all stack frames</a>
<div class='stack-trace' id='stack-trace1674390738'><pre>java.lang.AssertionError: expected [AED/month] but found [USD/month]
	at org.testng.Assert.fail(Assert.java:99)
	at org.testng.Assert.failNotEquals(Assert.java:1037)
	at org.testng.Assert.assertEqualsImpl(Assert.java:140)
	at org.testng.Assert.assertEquals(Assert.java:122)
	at org.testng.Assert.assertEquals(Assert.java:629)
	at org.testng.Assert.assertEquals(Assert.java:639)
	at stepdefinitions.VerifyPlansDefinitions.I_should_see_the_correct_Currency_for_the_second_plan(VerifyPlansDefinitions.java:78)
	at ✽.I should see the correct Currency for the second plan(file:///E:/Tokka-TA/Jawwy-task/src/test/resources/features/Verify-Plans.feature:37)
</pre></div></td>
<td>5</td>
<td>runners.TestRunner@4b8ee4de</td></tr>
<tr>
<td title='runners.TestRunner.runScenario()'><b>runScenario</b><br>Test class: runners.TestRunner<br>Test method: Runs Cucumber Scenarios<br>Parameters: "Successful login", "Optional[Login to Jawwy TV]"</td>
<td><div><pre>java.lang.AssertionError: expected [https://subscribe.jawwy.tv/en/user-dashboard] but found [https://subscribe.jawwy.tv/en/user-status]
	at org.testng.Assert.fail(Assert.java:99)
	at org.testng.Assert.failNotEquals(Assert.java:1037)
	at org.testng.Assert.assertEqualsImpl(Assert.java:140)
	at org.testng.Assert.assertEquals(Assert.java:122)
	at org.testng.Assert.assertEquals(Assert.java:629)
	at org.testng.Assert.assertEquals(Assert.java:639)
	at stepdefinitions.LoginStepDefinitions.i_should_be_logged_in_to_my_account(LoginStepDefinitions.java:38)
	at ✽.I should be logged in to my account(file:///E:/Tokka-TA/Jawwy-task/src/test/resources/features/login.feature:31)
</pre></div><a href='#' onClick='toggleBox("stack-trace438092131", this, "Click to show all stack frames", "Click to hide stack frames")'>Click to show all stack frames</a>
<div class='stack-trace' id='stack-trace438092131'><pre>java.lang.AssertionError: expected [https://subscribe.jawwy.tv/en/user-dashboard] but found [https://subscribe.jawwy.tv/en/user-status]
	at org.testng.Assert.fail(Assert.java:99)
	at org.testng.Assert.failNotEquals(Assert.java:1037)
	at org.testng.Assert.assertEqualsImpl(Assert.java:140)
	at org.testng.Assert.assertEquals(Assert.java:122)
	at org.testng.Assert.assertEquals(Assert.java:629)
	at org.testng.Assert.assertEquals(Assert.java:639)
	at stepdefinitions.LoginStepDefinitions.i_should_be_logged_in_to_my_account(LoginStepDefinitions.java:38)
	at ✽.I should be logged in to my account(file:///E:/Tokka-TA/Jawwy-task/src/test/resources/features/login.feature:31)
</pre></div></td>
<td>7</td>
<td>runners.TestRunner@4b8ee4de</td></tr>
</table><p>
<table width='100%' border='1' class='invocation-passed'>
<tr><td colspan='4' align='center'><b>PASSED TESTS</b></td></tr>
<tr><td><b>Test method</b></td>
<td width="30%"><b>Exception</b></td>
<td width="10%"><b>Time (seconds)</b></td>
<td><b>Instance</b></td>
</tr>
<tr>
<td title='runners.TestRunner.runScenario()'><b>runScenario</b><br>Test class: runners.TestRunner<br>Test method: Runs Cucumber Scenarios<br>Parameters: "Verify the Jawwy plans type, price for the second plan", "Optional[Verify Jawwy plans]"</td>
<td></td>
<td>6</td>
<td>runners.TestRunner@4b8ee4de</td></tr>
<tr>
<td title='runners.TestRunner.runScenario()'><b>runScenario</b><br>Test class: runners.TestRunner<br>Test method: Runs Cucumber Scenarios<br>Parameters: "Verify the Jawwy plans type, price for the first plan", "Optional[Verify Jawwy plans]"</td>
<td></td>
<td>7</td>
<td>runners.TestRunner@4b8ee4de</td></tr>
<tr>
<td title='runners.TestRunner.runScenario()'><b>runScenario</b><br>Test class: runners.TestRunner<br>Test method: Runs Cucumber Scenarios<br>Parameters: "Verify the Jawwy plans type, price for the third plan", "Optional[Verify Jawwy plans]"</td>
<td></td>
<td>11</td>
<td>runners.TestRunner@4b8ee4de</td></tr>
</table><p>
</body>
</html>